This file contains any messages produced by compilers while
running configure, to aid debugging if configure makes a mistake.

It was created by juman configure 7.01, which was
generated by GNU Autoconf 2.69.  Invocation command line was

  $ ./configure --no-create --no-recursion

## --------- ##
## Platform. ##
## --------- ##

hostname = YutoAkagawa-no-MacBook-Pro.local
uname -m = x86_64
uname -r = 14.1.0
uname -s = Darwin
uname -v = Darwin Kernel Version 14.1.0: Mon Dec 22 23:10:38 PST 2014; root:xnu-2782.10.72~2/RELEASE_X86_64

/usr/bin/uname -p = i386
/bin/uname -X     = unknown

/bin/arch              = unknown
/usr/bin/arch -k       = unknown
/usr/convex/getsysinfo = unknown
/usr/bin/hostinfo      = Mach kernel version:
	 Darwin Kernel Version 14.1.0: Mon Dec 22 23:10:38 PST 2014; root:xnu-2782.10.72~2/RELEASE_X86_64
Kernel configured for up to 4 processors.
2 processors are physically available.
4 processors are logically available.
Processor type: x86_64h (Intel x86-64h Haswell)
Processors active: 0 1 2 3
Primary memory available: 8.00 gigabytes
Default processor set: 247 tasks, 1154 threads, 4 processors
Load average: 1.54, Mach factor: 2.44
/bin/machine           = unknown
/usr/bin/oslevel       = unknown
/bin/universe          = unknown

PATH: /usr/local/mysql/bin
PATH: /opt/local/bin
PATH: /opt/local/sbin
PATH: /usr/bin
PATH: /bin
PATH: /usr/sbin
PATH: /sbin
PATH: /usr/local/bin
PATH: /usr/local/CrossPack-AVR/bin
PATH: /usr/texbin
PATH: /usr/local/Cellar/tomcat/8.0.15/libexec/lib


## ----------- ##
## Core tests. ##
## ----------- ##

configure:2437: checking for a BSD-compatible install
configure:2505: result: /opt/local/bin/ginstall -c
configure:2516: checking whether build environment is sane
configure:2566: result: yes
configure:2707: checking for a thread-safe mkdir -p
configure:2746: result: /opt/local/bin/gmkdir -p
configure:2759: checking for gawk
configure:2789: result: no
configure:2759: checking for mawk
configure:2789: result: no
configure:2759: checking for nawk
configure:2789: result: no
configure:2759: checking for awk
configure:2775: found /usr/bin/awk
configure:2786: result: awk
configure:2797: checking whether make sets $(MAKE)
configure:2819: result: yes
configure:2951: checking for gcc
configure:2967: found /usr/bin/gcc
configure:2978: result: gcc
configure:3207: checking for C compiler version
configure:3216: gcc --version >&5
Apple LLVM version 6.0 (clang-600.0.56) (based on LLVM 3.5svn)
Target: x86_64-apple-darwin14.1.0
Thread model: posix
Configured with: --prefix=/Applications/Xcode.app/Contents/Developer/usr --with-gxx-include-dir=/usr/include/c++/4.2.1
configure:3227: $? = 0
configure:3216: gcc -v >&5
Configured with: --prefix=/Applications/Xcode.app/Contents/Developer/usr --with-gxx-include-dir=/usr/include/c++/4.2.1
Apple LLVM version 6.0 (clang-600.0.56) (based on LLVM 3.5svn)
Target: x86_64-apple-darwin14.1.0
Thread model: posix
configure:3227: $? = 0
configure:3216: gcc -V >&5
clang: error: argument to '-V' is missing (expected 1 value)
clang: error: no input files
configure:3227: $? = 1
configure:3216: gcc -qversion >&5
clang: error: unknown argument: '-qversion'
clang: error: no input files
configure:3227: $? = 1
configure:3247: checking whether the C compiler works
configure:3269: gcc    conftest.c  >&5
configure:3273: $? = 0
configure:3321: result: yes
configure:3324: checking for C compiler default output file name
configure:3326: result: a.out
configure:3332: checking for suffix of executables
configure:3339: gcc -o conftest    conftest.c  >&5
configure:3343: $? = 0
configure:3365: result: 
configure:3387: checking whether we are cross compiling
configure:3395: gcc -o conftest    conftest.c  >&5
configure:3399: $? = 0
configure:3406: ./conftest
configure:3410: $? = 0
configure:3425: result: no
configure:3430: checking for suffix of object files
configure:3452: gcc -c   conftest.c >&5
configure:3456: $? = 0
configure:3477: result: o
configure:3481: checking whether we are using the GNU C compiler
configure:3500: gcc -c   conftest.c >&5
configure:3500: $? = 0
configure:3509: result: yes
configure:3518: checking whether gcc accepts -g
configure:3538: gcc -c -g  conftest.c >&5
configure:3538: $? = 0
configure:3579: result: yes
configure:3596: checking for gcc option to accept ISO C89
configure:3659: gcc  -c -g -O2  conftest.c >&5
configure:3659: $? = 0
configure:3672: result: none needed
configure:3703: checking for style of include used by make
configure:3731: result: GNU
configure:3756: checking dependency style of gcc
configure:3866: result: gcc3
configure:3881: checking whether make sets $(MAKE)
configure:3903: result: yes
configure:3942: checking build system type
configure:3956: result: x86_64-apple-darwin14.1.0
configure:3976: checking host system type
configure:3989: result: x86_64-apple-darwin14.1.0
configure:4009: checking for a sed that does not truncate output
configure:4073: result: /usr/bin/sed
configure:4091: checking for grep that handles long lines and -e
configure:4149: result: /usr/bin/grep
configure:4154: checking for egrep
configure:4216: result: /usr/bin/grep -E
configure:4221: checking for fgrep
configure:4283: result: /usr/bin/grep -F
configure:4318: checking for ld used by gcc
configure:4385: result: /Applications/Xcode.app/Contents/Developer/Toolchains/XcodeDefault.xctoolchain/usr/bin/ld
configure:4392: checking if the linker (/Applications/Xcode.app/Contents/Developer/Toolchains/XcodeDefault.xctoolchain/usr/bin/ld) is GNU ld
configure:4407: result: no
configure:4419: checking for BSD- or MS-compatible name lister (nm)
configure:4468: result: /usr/bin/nm
configure:4586: checking the name lister (/usr/bin/nm) interface
configure:4593: gcc -c -g -O2  conftest.c >&5
configure:4596: /usr/bin/nm "conftest.o"
configure:4599: output
0000000000000220 S _some_variable
configure:4606: result: BSD nm
configure:4609: checking whether ln -s works
configure:4613: result: yes
configure:4621: checking the maximum length of command line arguments
configure:4741: result: 196608
configure:4758: checking whether the shell understands some XSI constructs
configure:4768: result: yes
configure:4772: checking whether the shell understands "+="
configure:4778: result: yes
configure:4813: checking for /Applications/Xcode.app/Contents/Developer/Toolchains/XcodeDefault.xctoolchain/usr/bin/ld option to reload object files
configure:4820: result: -r
configure:4889: checking for objdump
configure:4919: result: no
configure:4948: checking how to recognize dependent libraries
configure:5144: result: pass_all
configure:5204: checking for ar
configure:5220: found /usr/bin/ar
configure:5231: result: ar
configure:5309: checking for strip
configure:5325: found /usr/bin/strip
configure:5336: result: strip
configure:5408: checking for ranlib
configure:5424: found /usr/bin/ranlib
configure:5435: result: ranlib
configure:5525: checking command to parse /usr/bin/nm output from gcc object
configure:5643: gcc -c -g -O2  conftest.c >&5
configure:5646: $? = 0
configure:5650: /usr/bin/nm conftest.o \| sed -n -e 's/^.*[	 ]\([BCDEGRST][BCDEGRST]*\)[	 ][	 ]*\([_A-Za-z][_A-Za-z0-9]*\)$/\1 \2 \2/p' \> conftest.nm
configure:5653: $? = 0
cannot find nm_test_var in conftest.nm
configure:5643: gcc -c -g -O2  conftest.c >&5
configure:5646: $? = 0
configure:5650: /usr/bin/nm conftest.o \| sed -n -e 's/^.*[	 ]\([BCDEGRST][BCDEGRST]*\)[	 ][	 ]*_\([_A-Za-z][_A-Za-z0-9]*\)$/\1 _\2 \2/p' \> conftest.nm
configure:5653: $? = 0
configure:5707: gcc -o conftest -g -O2   conftest.c conftstm.o >&5
configure:5710: $? = 0
configure:5748: result: ok
configure:6013: checking for dsymutil
configure:6029: found /usr/bin/dsymutil
configure:6040: result: dsymutil
configure:6105: checking for nmedit
configure:6121: found /usr/bin/nmedit
configure:6132: result: nmedit
configure:6197: checking for lipo
configure:6213: found /usr/bin/lipo
configure:6224: result: lipo
configure:6289: checking for otool
configure:6305: found /usr/bin/otool
configure:6316: result: otool
configure:6381: checking for otool64
configure:6411: result: no
configure:6456: checking for -single_module linker flag
gcc -g -O2  -o libconftest.dylib -dynamiclib -Wl,-single_module conftest.c
configure:6483: result: yes
configure:6485: checking for -exported_symbols_list linker flag
configure:6505: gcc -o conftest -g -O2   -Wl,-exported_symbols_list,conftest.sym conftest.c  >&5
configure:6505: $? = 0
configure:6515: result: yes
configure:6557: checking how to run the C preprocessor
configure:6588: gcc -E  conftest.c
configure:6588: $? = 0
configure:6602: gcc -E  conftest.c
conftest.c:11:10: fatal error: 'ac_nonexistent.h' file not found
#include <ac_nonexistent.h>
         ^
1 error generated.
configure:6602: $? = 1
configure: failed program was:
| /* confdefs.h */
| #define PACKAGE_NAME "juman"
| #define PACKAGE_TARNAME "juman"
| #define PACKAGE_VERSION "7.01"
| #define PACKAGE_STRING "juman 7.01"
| #define PACKAGE_BUGREPORT "nl-resource@nlp.ist.i.kyoto-u.ac.jp"
| #define PACKAGE_URL ""
| #define PACKAGE "juman"
| #define VERSION "7.01"
| /* end confdefs.h.  */
| #include <ac_nonexistent.h>
configure:6627: result: gcc -E
configure:6647: gcc -E  conftest.c
configure:6647: $? = 0
configure:6661: gcc -E  conftest.c
conftest.c:11:10: fatal error: 'ac_nonexistent.h' file not found
#include <ac_nonexistent.h>
         ^
1 error generated.
configure:6661: $? = 1
configure: failed program was:
| /* confdefs.h */
| #define PACKAGE_NAME "juman"
| #define PACKAGE_TARNAME "juman"
| #define PACKAGE_VERSION "7.01"
| #define PACKAGE_STRING "juman 7.01"
| #define PACKAGE_BUGREPORT "nl-resource@nlp.ist.i.kyoto-u.ac.jp"
| #define PACKAGE_URL ""
| #define PACKAGE "juman"
| #define VERSION "7.01"
| /* end confdefs.h.  */
| #include <ac_nonexistent.h>
configure:6690: checking for ANSI C header files
configure:6710: gcc -c -g -O2  conftest.c >&5
configure:6710: $? = 0
configure:6783: gcc -o conftest -g -O2   conftest.c  >&5
configure:6783: $? = 0
configure:6783: ./conftest
configure:6783: $? = 0
configure:6794: result: yes
configure:6807: checking for sys/types.h
configure:6807: gcc -c -g -O2  conftest.c >&5
configure:6807: $? = 0
configure:6807: result: yes
configure:6807: checking for sys/stat.h
configure:6807: gcc -c -g -O2  conftest.c >&5
configure:6807: $? = 0
configure:6807: result: yes
configure:6807: checking for stdlib.h
configure:6807: gcc -c -g -O2  conftest.c >&5
configure:6807: $? = 0
configure:6807: result: yes
configure:6807: checking for string.h
configure:6807: gcc -c -g -O2  conftest.c >&5
configure:6807: $? = 0
configure:6807: result: yes
configure:6807: checking for memory.h
configure:6807: gcc -c -g -O2  conftest.c >&5
configure:6807: $? = 0
configure:6807: result: yes
configure:6807: checking for strings.h
configure:6807: gcc -c -g -O2  conftest.c >&5
configure:6807: $? = 0
configure:6807: result: yes
configure:6807: checking for inttypes.h
configure:6807: gcc -c -g -O2  conftest.c >&5
configure:6807: $? = 0
configure:6807: result: yes
configure:6807: checking for stdint.h
configure:6807: gcc -c -g -O2  conftest.c >&5
configure:6807: $? = 0
configure:6807: result: yes
configure:6807: checking for unistd.h
configure:6807: gcc -c -g -O2  conftest.c >&5
configure:6807: $? = 0
configure:6807: result: yes
configure:6821: checking for dlfcn.h
configure:6821: gcc -c -g -O2  conftest.c >&5
configure:6821: $? = 0
configure:6821: result: yes
configure:7005: checking for objdir
configure:7020: result: .libs
configure:7312: checking if gcc supports -fno-rtti -fno-exceptions
configure:7330: gcc -c -g -O2  -fno-rtti -fno-exceptions conftest.c >&5
configure:7334: $? = 0
configure:7347: result: yes
configure:7367: checking for gcc option to produce PIC
configure:7639: result: -fno-common -DPIC
configure:7651: checking if gcc PIC flag -fno-common -DPIC works
configure:7669: gcc -c -g -O2  -fno-common -DPIC -DPIC conftest.c >&5
configure:7673: $? = 0
configure:7686: result: yes
configure:7710: checking if gcc static flag -static works
configure:7738: result: no
configure:7753: checking if gcc supports -c -o file.o
configure:7774: gcc -c -g -O2  -o out/conftest2.o conftest.c >&5
configure:7778: $? = 0
configure:7800: result: yes
configure:7808: checking if gcc supports -c -o file.o
configure:7855: result: yes
configure:7888: checking whether the gcc linker (/Applications/Xcode.app/Contents/Developer/Toolchains/XcodeDefault.xctoolchain/usr/bin/ld) supports shared libraries
configure:8874: result: yes
configure:9113: checking dynamic linker characteristics
configure:9764: result: darwin14.1.0 dyld
configure:9866: checking how to hardcode library paths into programs
configure:9891: result: immediate
configure:10411: checking whether stripping libraries is possible
configure:10425: result: yes
configure:10451: checking if libtool supports shared libraries
configure:10453: result: yes
configure:10456: checking whether to build shared libraries
configure:10477: result: yes
configure:10480: checking whether to build static libraries
configure:10484: result: yes
configure:10524: checking for socket in -lsocket
configure:10549: gcc -o conftest -g -O2   conftest.c -lsocket   >&5
ld: library not found for -lsocket
clang: error: linker command failed with exit code 1 (use -v to see invocation)
configure:10549: $? = 1
configure: failed program was:
| /* confdefs.h */
| #define PACKAGE_NAME "juman"
| #define PACKAGE_TARNAME "juman"
| #define PACKAGE_VERSION "7.01"
| #define PACKAGE_STRING "juman 7.01"
| #define PACKAGE_BUGREPORT "nl-resource@nlp.ist.i.kyoto-u.ac.jp"
| #define PACKAGE_URL ""
| #define PACKAGE "juman"
| #define VERSION "7.01"
| #define STDC_HEADERS 1
| #define HAVE_SYS_TYPES_H 1
| #define HAVE_SYS_STAT_H 1
| #define HAVE_STDLIB_H 1
| #define HAVE_STRING_H 1
| #define HAVE_MEMORY_H 1
| #define HAVE_STRINGS_H 1
| #define HAVE_INTTYPES_H 1
| #define HAVE_STDINT_H 1
| #define HAVE_UNISTD_H 1
| #define HAVE_DLFCN_H 1
| #define LT_OBJDIR ".libs/"
| /* end confdefs.h.  */
| 
| /* Override any GCC internal prototype to avoid an error.
|    Use char because int might match the return type of a GCC
|    builtin and then its argument prototype would still apply.  */
| #ifdef __cplusplus
| extern "C"
| #endif
| char socket ();
| int
| main ()
| {
| return socket ();
|   ;
|   return 0;
| }
configure:10558: result: no
configure:10564: checking for gethostbyname in -lnsl
configure:10589: gcc -o conftest -g -O2   conftest.c -lnsl   >&5
ld: library not found for -lnsl
clang: error: linker command failed with exit code 1 (use -v to see invocation)
configure:10589: $? = 1
configure: failed program was:
| /* confdefs.h */
| #define PACKAGE_NAME "juman"
| #define PACKAGE_TARNAME "juman"
| #define PACKAGE_VERSION "7.01"
| #define PACKAGE_STRING "juman 7.01"
| #define PACKAGE_BUGREPORT "nl-resource@nlp.ist.i.kyoto-u.ac.jp"
| #define PACKAGE_URL ""
| #define PACKAGE "juman"
| #define VERSION "7.01"
| #define STDC_HEADERS 1
| #define HAVE_SYS_TYPES_H 1
| #define HAVE_SYS_STAT_H 1
| #define HAVE_STDLIB_H 1
| #define HAVE_STRING_H 1
| #define HAVE_MEMORY_H 1
| #define HAVE_STRINGS_H 1
| #define HAVE_INTTYPES_H 1
| #define HAVE_STDINT_H 1
| #define HAVE_UNISTD_H 1
| #define HAVE_DLFCN_H 1
| #define LT_OBJDIR ".libs/"
| /* end confdefs.h.  */
| 
| /* Override any GCC internal prototype to avoid an error.
|    Use char because int might match the return type of a GCC
|    builtin and then its argument prototype would still apply.  */
| #ifdef __cplusplus
| extern "C"
| #endif
| char gethostbyname ();
| int
| main ()
| {
| return gethostbyname ();
|   ;
|   return 0;
| }
configure:10598: result: no
configure:10607: checking for ANSI C header files
configure:10711: result: yes
configure:10719: checking for sys/wait.h that is POSIX.1 compatible
configure:10745: gcc -c -g -O2  conftest.c >&5
configure:10745: $? = 0
configure:10752: result: yes
configure:10763: checking arpa/inet.h usability
configure:10763: gcc -c -g -O2  conftest.c >&5
configure:10763: $? = 0
configure:10763: result: yes
configure:10763: checking arpa/inet.h presence
configure:10763: gcc -E  conftest.c
configure:10763: $? = 0
configure:10763: result: yes
configure:10763: checking for arpa/inet.h
configure:10763: result: yes
configure:10763: checking fcntl.h usability
configure:10763: gcc -c -g -O2  conftest.c >&5
configure:10763: $? = 0
configure:10763: result: yes
configure:10763: checking fcntl.h presence
configure:10763: gcc -E  conftest.c
configure:10763: $? = 0
configure:10763: result: yes
configure:10763: checking for fcntl.h
configure:10763: result: yes
configure:10763: checking limits.h usability
configure:10763: gcc -c -g -O2  conftest.c >&5
configure:10763: $? = 0
configure:10763: result: yes
configure:10763: checking limits.h presence
configure:10763: gcc -E  conftest.c
configure:10763: $? = 0
configure:10763: result: yes
configure:10763: checking for limits.h
configure:10763: result: yes
configure:10763: checking netdb.h usability
configure:10763: gcc -c -g -O2  conftest.c >&5
configure:10763: $? = 0
configure:10763: result: yes
configure:10763: checking netdb.h presence
configure:10763: gcc -E  conftest.c
configure:10763: $? = 0
configure:10763: result: yes
configure:10763: checking for netdb.h
configure:10763: result: yes
configure:10763: checking netinet/in.h usability
configure:10763: gcc -c -g -O2  conftest.c >&5
configure:10763: $? = 0
configure:10763: result: yes
configure:10763: checking netinet/in.h presence
configure:10763: gcc -E  conftest.c
configure:10763: $? = 0
configure:10763: result: yes
configure:10763: checking for netinet/in.h
configure:10763: result: yes
configure:10763: checking stdio.h usability
configure:10763: gcc -c -g -O2  conftest.c >&5
configure:10763: $? = 0
configure:10763: result: yes
configure:10763: checking stdio.h presence
configure:10763: gcc -E  conftest.c
configure:10763: $? = 0
configure:10763: result: yes
configure:10763: checking for stdio.h
configure:10763: result: yes
configure:10763: checking for stdlib.h
configure:10763: result: yes
configure:10763: checking for string.h
configure:10763: result: yes
configure:10763: checking regex.h usability
configure:10763: gcc -c -g -O2  conftest.c >&5
configure:10763: $? = 0
configure:10763: result: yes
configure:10763: checking regex.h presence
configure:10763: gcc -E  conftest.c
configure:10763: $? = 0
configure:10763: result: yes
configure:10763: checking for regex.h
configure:10763: result: yes
configure:10763: checking sys/file.h usability
configure:10763: gcc -c -g -O2  conftest.c >&5
configure:10763: $? = 0
configure:10763: result: yes
configure:10763: checking sys/file.h presence
configure:10763: gcc -E  conftest.c
configure:10763: $? = 0
configure:10763: result: yes
configure:10763: checking for sys/file.h
configure:10763: result: yes
configure:10763: checking sys/socket.h usability
configure:10763: gcc -c -g -O2  conftest.c >&5
configure:10763: $? = 0
configure:10763: result: yes
configure:10763: checking sys/socket.h presence
configure:10763: gcc -E  conftest.c
configure:10763: $? = 0
configure:10763: result: yes
configure:10763: checking for sys/socket.h
configure:10763: result: yes
configure:10763: checking for unistd.h
configure:10763: result: yes
configure:10763: checking windows.h usability
configure:10763: gcc -c -g -O2  conftest.c >&5
conftest.c:70:10: fatal error: 'windows.h' file not found
#include <windows.h>
         ^
1 error generated.
configure:10763: $? = 1
configure: failed program was:
| /* confdefs.h */
| #define PACKAGE_NAME "juman"
| #define PACKAGE_TARNAME "juman"
| #define PACKAGE_VERSION "7.01"
| #define PACKAGE_STRING "juman 7.01"
| #define PACKAGE_BUGREPORT "nl-resource@nlp.ist.i.kyoto-u.ac.jp"
| #define PACKAGE_URL ""
| #define PACKAGE "juman"
| #define VERSION "7.01"
| #define STDC_HEADERS 1
| #define HAVE_SYS_TYPES_H 1
| #define HAVE_SYS_STAT_H 1
| #define HAVE_STDLIB_H 1
| #define HAVE_STRING_H 1
| #define HAVE_MEMORY_H 1
| #define HAVE_STRINGS_H 1
| #define HAVE_INTTYPES_H 1
| #define HAVE_STDINT_H 1
| #define HAVE_UNISTD_H 1
| #define HAVE_DLFCN_H 1
| #define LT_OBJDIR ".libs/"
| #define STDC_HEADERS 1
| #define HAVE_SYS_WAIT_H 1
| #define HAVE_ARPA_INET_H 1
| #define HAVE_FCNTL_H 1
| #define HAVE_LIMITS_H 1
| #define HAVE_NETDB_H 1
| #define HAVE_NETINET_IN_H 1
| #define HAVE_STDIO_H 1
| #define HAVE_STDLIB_H 1
| #define HAVE_STRING_H 1
| #define HAVE_REGEX_H 1
| #define HAVE_SYS_FILE_H 1
| #define HAVE_SYS_SOCKET_H 1
| #define HAVE_UNISTD_H 1
| /* end confdefs.h.  */
| #include <stdio.h>
| #ifdef HAVE_SYS_TYPES_H
| # include <sys/types.h>
| #endif
| #ifdef HAVE_SYS_STAT_H
| # include <sys/stat.h>
| #endif
| #ifdef STDC_HEADERS
| # include <stdlib.h>
| # include <stddef.h>
| #else
| # ifdef HAVE_STDLIB_H
| #  include <stdlib.h>
| # endif
| #endif
| #ifdef HAVE_STRING_H
| # if !defined STDC_HEADERS && defined HAVE_MEMORY_H
| #  include <memory.h>
| # endif
| # include <string.h>
| #endif
| #ifdef HAVE_STRINGS_H
| # include <strings.h>
| #endif
| #ifdef HAVE_INTTYPES_H
| # include <inttypes.h>
| #endif
| #ifdef HAVE_STDINT_H
| # include <stdint.h>
| #endif
| #ifdef HAVE_UNISTD_H
| # include <unistd.h>
| #endif
| #include <windows.h>
configure:10763: result: no
configure:10763: checking windows.h presence
configure:10763: gcc -E  conftest.c
conftest.c:37:10: fatal error: 'windows.h' file not found
#include <windows.h>
         ^
1 error generated.
configure:10763: $? = 1
configure: failed program was:
| /* confdefs.h */
| #define PACKAGE_NAME "juman"
| #define PACKAGE_TARNAME "juman"
| #define PACKAGE_VERSION "7.01"
| #define PACKAGE_STRING "juman 7.01"
| #define PACKAGE_BUGREPORT "nl-resource@nlp.ist.i.kyoto-u.ac.jp"
| #define PACKAGE_URL ""
| #define PACKAGE "juman"
| #define VERSION "7.01"
| #define STDC_HEADERS 1
| #define HAVE_SYS_TYPES_H 1
| #define HAVE_SYS_STAT_H 1
| #define HAVE_STDLIB_H 1
| #define HAVE_STRING_H 1
| #define HAVE_MEMORY_H 1
| #define HAVE_STRINGS_H 1
| #define HAVE_INTTYPES_H 1
| #define HAVE_STDINT_H 1
| #define HAVE_UNISTD_H 1
| #define HAVE_DLFCN_H 1
| #define LT_OBJDIR ".libs/"
| #define STDC_HEADERS 1
| #define HAVE_SYS_WAIT_H 1
| #define HAVE_ARPA_INET_H 1
| #define HAVE_FCNTL_H 1
| #define HAVE_LIMITS_H 1
| #define HAVE_NETDB_H 1
| #define HAVE_NETINET_IN_H 1
| #define HAVE_STDIO_H 1
| #define HAVE_STDLIB_H 1
| #define HAVE_STRING_H 1
| #define HAVE_REGEX_H 1
| #define HAVE_SYS_FILE_H 1
| #define HAVE_SYS_SOCKET_H 1
| #define HAVE_UNISTD_H 1
| /* end confdefs.h.  */
| #include <windows.h>
configure:10763: result: no
configure:10763: checking for windows.h
configure:10763: result: no
configure:10763: checking winsock2.h usability
configure:10763: gcc -c -g -O2  conftest.c >&5
conftest.c:70:10: fatal error: 'winsock2.h' file not found
#include <winsock2.h>
         ^
1 error generated.
configure:10763: $? = 1
configure: failed program was:
| /* confdefs.h */
| #define PACKAGE_NAME "juman"
| #define PACKAGE_TARNAME "juman"
| #define PACKAGE_VERSION "7.01"
| #define PACKAGE_STRING "juman 7.01"
| #define PACKAGE_BUGREPORT "nl-resource@nlp.ist.i.kyoto-u.ac.jp"
| #define PACKAGE_URL ""
| #define PACKAGE "juman"
| #define VERSION "7.01"
| #define STDC_HEADERS 1
| #define HAVE_SYS_TYPES_H 1
| #define HAVE_SYS_STAT_H 1
| #define HAVE_STDLIB_H 1
| #define HAVE_STRING_H 1
| #define HAVE_MEMORY_H 1
| #define HAVE_STRINGS_H 1
| #define HAVE_INTTYPES_H 1
| #define HAVE_STDINT_H 1
| #define HAVE_UNISTD_H 1
| #define HAVE_DLFCN_H 1
| #define LT_OBJDIR ".libs/"
| #define STDC_HEADERS 1
| #define HAVE_SYS_WAIT_H 1
| #define HAVE_ARPA_INET_H 1
| #define HAVE_FCNTL_H 1
| #define HAVE_LIMITS_H 1
| #define HAVE_NETDB_H 1
| #define HAVE_NETINET_IN_H 1
| #define HAVE_STDIO_H 1
| #define HAVE_STDLIB_H 1
| #define HAVE_STRING_H 1
| #define HAVE_REGEX_H 1
| #define HAVE_SYS_FILE_H 1
| #define HAVE_SYS_SOCKET_H 1
| #define HAVE_UNISTD_H 1
| /* end confdefs.h.  */
| #include <stdio.h>
| #ifdef HAVE_SYS_TYPES_H
| # include <sys/types.h>
| #endif
| #ifdef HAVE_SYS_STAT_H
| # include <sys/stat.h>
| #endif
| #ifdef STDC_HEADERS
| # include <stdlib.h>
| # include <stddef.h>
| #else
| # ifdef HAVE_STDLIB_H
| #  include <stdlib.h>
| # endif
| #endif
| #ifdef HAVE_STRING_H
| # if !defined STDC_HEADERS && defined HAVE_MEMORY_H
| #  include <memory.h>
| # endif
| # include <string.h>
| #endif
| #ifdef HAVE_STRINGS_H
| # include <strings.h>
| #endif
| #ifdef HAVE_INTTYPES_H
| # include <inttypes.h>
| #endif
| #ifdef HAVE_STDINT_H
| # include <stdint.h>
| #endif
| #ifdef HAVE_UNISTD_H
| # include <unistd.h>
| #endif
| #include <winsock2.h>
configure:10763: result: no
configure:10763: checking winsock2.h presence
configure:10763: gcc -E  conftest.c
conftest.c:37:10: fatal error: 'winsock2.h' file not found
#include <winsock2.h>
         ^
1 error generated.
configure:10763: $? = 1
configure: failed program was:
| /* confdefs.h */
| #define PACKAGE_NAME "juman"
| #define PACKAGE_TARNAME "juman"
| #define PACKAGE_VERSION "7.01"
| #define PACKAGE_STRING "juman 7.01"
| #define PACKAGE_BUGREPORT "nl-resource@nlp.ist.i.kyoto-u.ac.jp"
| #define PACKAGE_URL ""
| #define PACKAGE "juman"
| #define VERSION "7.01"
| #define STDC_HEADERS 1
| #define HAVE_SYS_TYPES_H 1
| #define HAVE_SYS_STAT_H 1
| #define HAVE_STDLIB_H 1
| #define HAVE_STRING_H 1
| #define HAVE_MEMORY_H 1
| #define HAVE_STRINGS_H 1
| #define HAVE_INTTYPES_H 1
| #define HAVE_STDINT_H 1
| #define HAVE_UNISTD_H 1
| #define HAVE_DLFCN_H 1
| #define LT_OBJDIR ".libs/"
| #define STDC_HEADERS 1
| #define HAVE_SYS_WAIT_H 1
| #define HAVE_ARPA_INET_H 1
| #define HAVE_FCNTL_H 1
| #define HAVE_LIMITS_H 1
| #define HAVE_NETDB_H 1
| #define HAVE_NETINET_IN_H 1
| #define HAVE_STDIO_H 1
| #define HAVE_STDLIB_H 1
| #define HAVE_STRING_H 1
| #define HAVE_REGEX_H 1
| #define HAVE_SYS_FILE_H 1
| #define HAVE_SYS_SOCKET_H 1
| #define HAVE_UNISTD_H 1
| /* end confdefs.h.  */
| #include <winsock2.h>
configure:10763: result: no
configure:10763: checking for winsock2.h
configure:10763: result: no
configure:10774: checking for winsock2.h
configure:10774: result: no
configure:10782: checking for an ANSI C-conforming const
configure:10848: gcc -c -g -O2  conftest.c >&5
configure:10848: $? = 0
configure:10855: result: yes
configure:10863: checking for off_t
configure:10863: gcc -c -g -O2  conftest.c >&5
configure:10863: $? = 0
configure:10863: gcc -c -g -O2  conftest.c >&5
conftest.c:73:20: error: expected expression
if (sizeof ((off_t)))
                   ^
1 error generated.
configure:10863: $? = 1
configure: failed program was:
| /* confdefs.h */
| #define PACKAGE_NAME "juman"
| #define PACKAGE_TARNAME "juman"
| #define PACKAGE_VERSION "7.01"
| #define PACKAGE_STRING "juman 7.01"
| #define PACKAGE_BUGREPORT "nl-resource@nlp.ist.i.kyoto-u.ac.jp"
| #define PACKAGE_URL ""
| #define PACKAGE "juman"
| #define VERSION "7.01"
| #define STDC_HEADERS 1
| #define HAVE_SYS_TYPES_H 1
| #define HAVE_SYS_STAT_H 1
| #define HAVE_STDLIB_H 1
| #define HAVE_STRING_H 1
| #define HAVE_MEMORY_H 1
| #define HAVE_STRINGS_H 1
| #define HAVE_INTTYPES_H 1
| #define HAVE_STDINT_H 1
| #define HAVE_UNISTD_H 1
| #define HAVE_DLFCN_H 1
| #define LT_OBJDIR ".libs/"
| #define STDC_HEADERS 1
| #define HAVE_SYS_WAIT_H 1
| #define HAVE_ARPA_INET_H 1
| #define HAVE_FCNTL_H 1
| #define HAVE_LIMITS_H 1
| #define HAVE_NETDB_H 1
| #define HAVE_NETINET_IN_H 1
| #define HAVE_STDIO_H 1
| #define HAVE_STDLIB_H 1
| #define HAVE_STRING_H 1
| #define HAVE_REGEX_H 1
| #define HAVE_SYS_FILE_H 1
| #define HAVE_SYS_SOCKET_H 1
| #define HAVE_UNISTD_H 1
| /* end confdefs.h.  */
| #include <stdio.h>
| #ifdef HAVE_SYS_TYPES_H
| # include <sys/types.h>
| #endif
| #ifdef HAVE_SYS_STAT_H
| # include <sys/stat.h>
| #endif
| #ifdef STDC_HEADERS
| # include <stdlib.h>
| # include <stddef.h>
| #else
| # ifdef HAVE_STDLIB_H
| #  include <stdlib.h>
| # endif
| #endif
| #ifdef HAVE_STRING_H
| # if !defined STDC_HEADERS && defined HAVE_MEMORY_H
| #  include <memory.h>
| # endif
| # include <string.h>
| #endif
| #ifdef HAVE_STRINGS_H
| # include <strings.h>
| #endif
| #ifdef HAVE_INTTYPES_H
| # include <inttypes.h>
| #endif
| #ifdef HAVE_STDINT_H
| # include <stdint.h>
| #endif
| #ifdef HAVE_UNISTD_H
| # include <unistd.h>
| #endif
| int
| main ()
| {
| if (sizeof ((off_t)))
| 	    return 0;
|   ;
|   return 0;
| }
configure:10863: result: yes
configure:10874: checking whether struct tm is in sys/time.h or time.h
configure:10894: gcc -c -g -O2  conftest.c >&5
configure:10894: $? = 0
configure:10901: result: time.h
configure:10911: checking for error_at_line
configure:10927: gcc -o conftest -g -O2   conftest.c  >&5
conftest.c:37:10: fatal error: 'error.h' file not found
#include <error.h>
         ^
1 error generated.
configure:10927: $? = 1
configure: failed program was:
| /* confdefs.h */
| #define PACKAGE_NAME "juman"
| #define PACKAGE_TARNAME "juman"
| #define PACKAGE_VERSION "7.01"
| #define PACKAGE_STRING "juman 7.01"
| #define PACKAGE_BUGREPORT "nl-resource@nlp.ist.i.kyoto-u.ac.jp"
| #define PACKAGE_URL ""
| #define PACKAGE "juman"
| #define VERSION "7.01"
| #define STDC_HEADERS 1
| #define HAVE_SYS_TYPES_H 1
| #define HAVE_SYS_STAT_H 1
| #define HAVE_STDLIB_H 1
| #define HAVE_STRING_H 1
| #define HAVE_MEMORY_H 1
| #define HAVE_STRINGS_H 1
| #define HAVE_INTTYPES_H 1
| #define HAVE_STDINT_H 1
| #define HAVE_UNISTD_H 1
| #define HAVE_DLFCN_H 1
| #define LT_OBJDIR ".libs/"
| #define STDC_HEADERS 1
| #define HAVE_SYS_WAIT_H 1
| #define HAVE_ARPA_INET_H 1
| #define HAVE_FCNTL_H 1
| #define HAVE_LIMITS_H 1
| #define HAVE_NETDB_H 1
| #define HAVE_NETINET_IN_H 1
| #define HAVE_STDIO_H 1
| #define HAVE_STDLIB_H 1
| #define HAVE_STRING_H 1
| #define HAVE_REGEX_H 1
| #define HAVE_SYS_FILE_H 1
| #define HAVE_SYS_SOCKET_H 1
| #define HAVE_UNISTD_H 1
| /* end confdefs.h.  */
| #include <error.h>
| int
| main ()
| {
| error_at_line (0, 0, "", 0, "an error occurred");
|   ;
|   return 0;
| }
configure:10935: result: no
configure:10946: checking for pid_t
configure:10946: gcc -c -g -O2  conftest.c >&5
configure:10946: $? = 0
configure:10946: gcc -c -g -O2  conftest.c >&5
conftest.c:73:20: error: expected expression
if (sizeof ((pid_t)))
                   ^
1 error generated.
configure:10946: $? = 1
configure: failed program was:
| /* confdefs.h */
| #define PACKAGE_NAME "juman"
| #define PACKAGE_TARNAME "juman"
| #define PACKAGE_VERSION "7.01"
| #define PACKAGE_STRING "juman 7.01"
| #define PACKAGE_BUGREPORT "nl-resource@nlp.ist.i.kyoto-u.ac.jp"
| #define PACKAGE_URL ""
| #define PACKAGE "juman"
| #define VERSION "7.01"
| #define STDC_HEADERS 1
| #define HAVE_SYS_TYPES_H 1
| #define HAVE_SYS_STAT_H 1
| #define HAVE_STDLIB_H 1
| #define HAVE_STRING_H 1
| #define HAVE_MEMORY_H 1
| #define HAVE_STRINGS_H 1
| #define HAVE_INTTYPES_H 1
| #define HAVE_STDINT_H 1
| #define HAVE_UNISTD_H 1
| #define HAVE_DLFCN_H 1
| #define LT_OBJDIR ".libs/"
| #define STDC_HEADERS 1
| #define HAVE_SYS_WAIT_H 1
| #define HAVE_ARPA_INET_H 1
| #define HAVE_FCNTL_H 1
| #define HAVE_LIMITS_H 1
| #define HAVE_NETDB_H 1
| #define HAVE_NETINET_IN_H 1
| #define HAVE_STDIO_H 1
| #define HAVE_STDLIB_H 1
| #define HAVE_STRING_H 1
| #define HAVE_REGEX_H 1
| #define HAVE_SYS_FILE_H 1
| #define HAVE_SYS_SOCKET_H 1
| #define HAVE_UNISTD_H 1
| /* end confdefs.h.  */
| #include <stdio.h>
| #ifdef HAVE_SYS_TYPES_H
| # include <sys/types.h>
| #endif
| #ifdef HAVE_SYS_STAT_H
| # include <sys/stat.h>
| #endif
| #ifdef STDC_HEADERS
| # include <stdlib.h>
| # include <stddef.h>
| #else
| # ifdef HAVE_STDLIB_H
| #  include <stdlib.h>
| # endif
| #endif
| #ifdef HAVE_STRING_H
| # if !defined STDC_HEADERS && defined HAVE_MEMORY_H
| #  include <memory.h>
| # endif
| # include <string.h>
| #endif
| #ifdef HAVE_STRINGS_H
| # include <strings.h>
| #endif
| #ifdef HAVE_INTTYPES_H
| # include <inttypes.h>
| #endif
| #ifdef HAVE_STDINT_H
| # include <stdint.h>
| #endif
| #ifdef HAVE_UNISTD_H
| # include <unistd.h>
| #endif
| int
| main ()
| {
| if (sizeof ((pid_t)))
| 	    return 0;
|   ;
|   return 0;
| }
configure:10946: result: yes
configure:10959: checking vfork.h usability
configure:10959: gcc -c -g -O2  conftest.c >&5
conftest.c:70:10: fatal error: 'vfork.h' file not found
#include <vfork.h>
         ^
1 error generated.
configure:10959: $? = 1
configure: failed program was:
| /* confdefs.h */
| #define PACKAGE_NAME "juman"
| #define PACKAGE_TARNAME "juman"
| #define PACKAGE_VERSION "7.01"
| #define PACKAGE_STRING "juman 7.01"
| #define PACKAGE_BUGREPORT "nl-resource@nlp.ist.i.kyoto-u.ac.jp"
| #define PACKAGE_URL ""
| #define PACKAGE "juman"
| #define VERSION "7.01"
| #define STDC_HEADERS 1
| #define HAVE_SYS_TYPES_H 1
| #define HAVE_SYS_STAT_H 1
| #define HAVE_STDLIB_H 1
| #define HAVE_STRING_H 1
| #define HAVE_MEMORY_H 1
| #define HAVE_STRINGS_H 1
| #define HAVE_INTTYPES_H 1
| #define HAVE_STDINT_H 1
| #define HAVE_UNISTD_H 1
| #define HAVE_DLFCN_H 1
| #define LT_OBJDIR ".libs/"
| #define STDC_HEADERS 1
| #define HAVE_SYS_WAIT_H 1
| #define HAVE_ARPA_INET_H 1
| #define HAVE_FCNTL_H 1
| #define HAVE_LIMITS_H 1
| #define HAVE_NETDB_H 1
| #define HAVE_NETINET_IN_H 1
| #define HAVE_STDIO_H 1
| #define HAVE_STDLIB_H 1
| #define HAVE_STRING_H 1
| #define HAVE_REGEX_H 1
| #define HAVE_SYS_FILE_H 1
| #define HAVE_SYS_SOCKET_H 1
| #define HAVE_UNISTD_H 1
| /* end confdefs.h.  */
| #include <stdio.h>
| #ifdef HAVE_SYS_TYPES_H
| # include <sys/types.h>
| #endif
| #ifdef HAVE_SYS_STAT_H
| # include <sys/stat.h>
| #endif
| #ifdef STDC_HEADERS
| # include <stdlib.h>
| # include <stddef.h>
| #else
| # ifdef HAVE_STDLIB_H
| #  include <stdlib.h>
| # endif
| #endif
| #ifdef HAVE_STRING_H
| # if !defined STDC_HEADERS && defined HAVE_MEMORY_H
| #  include <memory.h>
| # endif
| # include <string.h>
| #endif
| #ifdef HAVE_STRINGS_H
| # include <strings.h>
| #endif
| #ifdef HAVE_INTTYPES_H
| # include <inttypes.h>
| #endif
| #ifdef HAVE_STDINT_H
| # include <stdint.h>
| #endif
| #ifdef HAVE_UNISTD_H
| # include <unistd.h>
| #endif
| #include <vfork.h>
configure:10959: result: no
configure:10959: checking vfork.h presence
configure:10959: gcc -E  conftest.c
conftest.c:37:10: fatal error: 'vfork.h' file not found
#include <vfork.h>
         ^
1 error generated.
configure:10959: $? = 1
configure: failed program was:
| /* confdefs.h */
| #define PACKAGE_NAME "juman"
| #define PACKAGE_TARNAME "juman"
| #define PACKAGE_VERSION "7.01"
| #define PACKAGE_STRING "juman 7.01"
| #define PACKAGE_BUGREPORT "nl-resource@nlp.ist.i.kyoto-u.ac.jp"
| #define PACKAGE_URL ""
| #define PACKAGE "juman"
| #define VERSION "7.01"
| #define STDC_HEADERS 1
| #define HAVE_SYS_TYPES_H 1
| #define HAVE_SYS_STAT_H 1
| #define HAVE_STDLIB_H 1
| #define HAVE_STRING_H 1
| #define HAVE_MEMORY_H 1
| #define HAVE_STRINGS_H 1
| #define HAVE_INTTYPES_H 1
| #define HAVE_STDINT_H 1
| #define HAVE_UNISTD_H 1
| #define HAVE_DLFCN_H 1
| #define LT_OBJDIR ".libs/"
| #define STDC_HEADERS 1
| #define HAVE_SYS_WAIT_H 1
| #define HAVE_ARPA_INET_H 1
| #define HAVE_FCNTL_H 1
| #define HAVE_LIMITS_H 1
| #define HAVE_NETDB_H 1
| #define HAVE_NETINET_IN_H 1
| #define HAVE_STDIO_H 1
| #define HAVE_STDLIB_H 1
| #define HAVE_STRING_H 1
| #define HAVE_REGEX_H 1
| #define HAVE_SYS_FILE_H 1
| #define HAVE_SYS_SOCKET_H 1
| #define HAVE_UNISTD_H 1
| /* end confdefs.h.  */
| #include <vfork.h>
configure:10959: result: no
configure:10959: checking for vfork.h
configure:10959: result: no
configure:10972: checking for fork
configure:10972: gcc -o conftest -g -O2   conftest.c  >&5
configure:10972: $? = 0
configure:10972: result: yes
configure:10972: checking for vfork
configure:10972: gcc -o conftest -g -O2   conftest.c  >&5
conftest.c:61:6: warning: incompatible redeclaration of library function 'vfork' [-Wincompatible-library-redeclaration]
char vfork ();
     ^
conftest.c:61:6: note: 'vfork' is a builtin with type 'int (void)'
1 warning generated.
configure:10972: $? = 0
configure:10972: result: yes
configure:10982: checking for working fork
configure:11004: gcc -o conftest -g -O2   conftest.c  >&5
configure:11004: $? = 0
configure:11004: ./conftest
configure:11004: $? = 0
configure:11014: result: yes
configure:11035: checking for working vfork
configure:11145: result: yes
configure:11172: checking for stdlib.h
configure:11172: result: yes
configure:11182: checking for GNU libc compatible malloc
configure:11206: gcc -o conftest -g -O2   conftest.c  >&5
configure:11206: $? = 0
configure:11206: ./conftest
configure:11206: $? = 0
configure:11216: result: yes
configure:11243: checking for stdlib.h
configure:11243: result: yes
configure:11243: checking for unistd.h
configure:11243: result: yes
configure:11243: checking for sys/param.h
configure:11243: gcc -c -g -O2  conftest.c >&5
configure:11243: $? = 0
configure:11243: result: yes
configure:11263: checking for getpagesize
configure:11263: gcc -o conftest -g -O2   conftest.c  >&5
configure:11263: $? = 0
configure:11263: result: yes
configure:11272: checking for working mmap
configure:11419: gcc -o conftest -g -O2   conftest.c  >&5
configure:11419: $? = 0
configure:11419: ./conftest
configure:11419: $? = 0
configure:11429: result: yes
configure:11438: checking return type of signal handlers
configure:11456: gcc -c -g -O2  conftest.c >&5
conftest.c:54:8: error: indirection requires pointer operand ('void' invalid)
return *(signal (0, 0)) (0) == 1;
       ^~~~~~~~~~~~~~~~~~~~
1 error generated.
configure:11456: $? = 1
configure: failed program was:
| /* confdefs.h */
| #define PACKAGE_NAME "juman"
| #define PACKAGE_TARNAME "juman"
| #define PACKAGE_VERSION "7.01"
| #define PACKAGE_STRING "juman 7.01"
| #define PACKAGE_BUGREPORT "nl-resource@nlp.ist.i.kyoto-u.ac.jp"
| #define PACKAGE_URL ""
| #define PACKAGE "juman"
| #define VERSION "7.01"
| #define STDC_HEADERS 1
| #define HAVE_SYS_TYPES_H 1
| #define HAVE_SYS_STAT_H 1
| #define HAVE_STDLIB_H 1
| #define HAVE_STRING_H 1
| #define HAVE_MEMORY_H 1
| #define HAVE_STRINGS_H 1
| #define HAVE_INTTYPES_H 1
| #define HAVE_STDINT_H 1
| #define HAVE_UNISTD_H 1
| #define HAVE_DLFCN_H 1
| #define LT_OBJDIR ".libs/"
| #define STDC_HEADERS 1
| #define HAVE_SYS_WAIT_H 1
| #define HAVE_ARPA_INET_H 1
| #define HAVE_FCNTL_H 1
| #define HAVE_LIMITS_H 1
| #define HAVE_NETDB_H 1
| #define HAVE_NETINET_IN_H 1
| #define HAVE_STDIO_H 1
| #define HAVE_STDLIB_H 1
| #define HAVE_STRING_H 1
| #define HAVE_REGEX_H 1
| #define HAVE_SYS_FILE_H 1
| #define HAVE_SYS_SOCKET_H 1
| #define HAVE_UNISTD_H 1
| #define HAVE_FORK 1
| #define HAVE_VFORK 1
| #define HAVE_WORKING_VFORK 1
| #define HAVE_WORKING_FORK 1
| #define HAVE_STDLIB_H 1
| #define HAVE_MALLOC 1
| #define HAVE_STDLIB_H 1
| #define HAVE_UNISTD_H 1
| #define HAVE_SYS_PARAM_H 1
| #define HAVE_GETPAGESIZE 1
| #define HAVE_MMAP 1
| /* end confdefs.h.  */
| #include <sys/types.h>
| #include <signal.h>
| 
| int
| main ()
| {
| return *(signal (0, 0)) (0) == 1;
|   ;
|   return 0;
| }
configure:11463: result: void
configure:11471: checking whether lstat correctly handles trailing slash
configure:11497: gcc -o conftest -g -O2   conftest.c  >&5
configure:11497: $? = 0
configure:11497: ./conftest
configure:11497: $? = 1
configure: program exited with status 1
configure: failed program was:
| /* confdefs.h */
| #define PACKAGE_NAME "juman"
| #define PACKAGE_TARNAME "juman"
| #define PACKAGE_VERSION "7.01"
| #define PACKAGE_STRING "juman 7.01"
| #define PACKAGE_BUGREPORT "nl-resource@nlp.ist.i.kyoto-u.ac.jp"
| #define PACKAGE_URL ""
| #define PACKAGE "juman"
| #define VERSION "7.01"
| #define STDC_HEADERS 1
| #define HAVE_SYS_TYPES_H 1
| #define HAVE_SYS_STAT_H 1
| #define HAVE_STDLIB_H 1
| #define HAVE_STRING_H 1
| #define HAVE_MEMORY_H 1
| #define HAVE_STRINGS_H 1
| #define HAVE_INTTYPES_H 1
| #define HAVE_STDINT_H 1
| #define HAVE_UNISTD_H 1
| #define HAVE_DLFCN_H 1
| #define LT_OBJDIR ".libs/"
| #define STDC_HEADERS 1
| #define HAVE_SYS_WAIT_H 1
| #define HAVE_ARPA_INET_H 1
| #define HAVE_FCNTL_H 1
| #define HAVE_LIMITS_H 1
| #define HAVE_NETDB_H 1
| #define HAVE_NETINET_IN_H 1
| #define HAVE_STDIO_H 1
| #define HAVE_STDLIB_H 1
| #define HAVE_STRING_H 1
| #define HAVE_REGEX_H 1
| #define HAVE_SYS_FILE_H 1
| #define HAVE_SYS_SOCKET_H 1
| #define HAVE_UNISTD_H 1
| #define HAVE_FORK 1
| #define HAVE_VFORK 1
| #define HAVE_WORKING_VFORK 1
| #define HAVE_WORKING_FORK 1
| #define HAVE_STDLIB_H 1
| #define HAVE_MALLOC 1
| #define HAVE_STDLIB_H 1
| #define HAVE_UNISTD_H 1
| #define HAVE_SYS_PARAM_H 1
| #define HAVE_GETPAGESIZE 1
| #define HAVE_MMAP 1
| #define RETSIGTYPE void
| /* end confdefs.h.  */
| #include <stdio.h>
| #ifdef HAVE_SYS_TYPES_H
| # include <sys/types.h>
| #endif
| #ifdef HAVE_SYS_STAT_H
| # include <sys/stat.h>
| #endif
| #ifdef STDC_HEADERS
| # include <stdlib.h>
| # include <stddef.h>
| #else
| # ifdef HAVE_STDLIB_H
| #  include <stdlib.h>
| # endif
| #endif
| #ifdef HAVE_STRING_H
| # if !defined STDC_HEADERS && defined HAVE_MEMORY_H
| #  include <memory.h>
| # endif
| # include <string.h>
| #endif
| #ifdef HAVE_STRINGS_H
| # include <strings.h>
| #endif
| #ifdef HAVE_INTTYPES_H
| # include <inttypes.h>
| #endif
| #ifdef HAVE_STDINT_H
| # include <stdint.h>
| #endif
| #ifdef HAVE_UNISTD_H
| # include <unistd.h>
| #endif
| int
| main ()
| {
| struct stat sbuf;
|      /* Linux will dereference the symlink and fail, as required by POSIX.
| 	That is better in the sense that it means we will not
| 	have to compile and use the lstat wrapper.  */
|      return lstat ("conftest.sym/", &sbuf) == 0;
|   ;
|   return 0;
| }
configure:11514: result: no
configure:11533: checking whether stat accepts an empty string
configure:11553: gcc -o conftest -g -O2   conftest.c  >&5
configure:11553: $? = 0
configure:11553: ./conftest
configure:11553: $? = 0
configure:11563: result: no
configure:11581: checking for vprintf
configure:11581: gcc -o conftest -g -O2   conftest.c  >&5
conftest.c:72:6: warning: incompatible redeclaration of library function 'vprintf' [-Wincompatible-library-redeclaration]
char vprintf ();
     ^
conftest.c:72:6: note: 'vprintf' is a builtin with type 'int (const char *, __va_list_tag *)'
1 warning generated.
configure:11581: $? = 0
configure:11581: result: yes
configure:11587: checking for _doprnt
configure:11587: gcc -o conftest -g -O2   conftest.c  >&5
Undefined symbols for architecture x86_64:
  "__doprnt", referenced from:
      _main in conftest-8886fd.o
ld: symbol(s) not found for architecture x86_64
clang: error: linker command failed with exit code 1 (use -v to see invocation)
configure:11587: $? = 1
configure: failed program was:
| /* confdefs.h */
| #define PACKAGE_NAME "juman"
| #define PACKAGE_TARNAME "juman"
| #define PACKAGE_VERSION "7.01"
| #define PACKAGE_STRING "juman 7.01"
| #define PACKAGE_BUGREPORT "nl-resource@nlp.ist.i.kyoto-u.ac.jp"
| #define PACKAGE_URL ""
| #define PACKAGE "juman"
| #define VERSION "7.01"
| #define STDC_HEADERS 1
| #define HAVE_SYS_TYPES_H 1
| #define HAVE_SYS_STAT_H 1
| #define HAVE_STDLIB_H 1
| #define HAVE_STRING_H 1
| #define HAVE_MEMORY_H 1
| #define HAVE_STRINGS_H 1
| #define HAVE_INTTYPES_H 1
| #define HAVE_STDINT_H 1
| #define HAVE_UNISTD_H 1
| #define HAVE_DLFCN_H 1
| #define LT_OBJDIR ".libs/"
| #define STDC_HEADERS 1
| #define HAVE_SYS_WAIT_H 1
| #define HAVE_ARPA_INET_H 1
| #define HAVE_FCNTL_H 1
| #define HAVE_LIMITS_H 1
| #define HAVE_NETDB_H 1
| #define HAVE_NETINET_IN_H 1
| #define HAVE_STDIO_H 1
| #define HAVE_STDLIB_H 1
| #define HAVE_STRING_H 1
| #define HAVE_REGEX_H 1
| #define HAVE_SYS_FILE_H 1
| #define HAVE_SYS_SOCKET_H 1
| #define HAVE_UNISTD_H 1
| #define HAVE_FORK 1
| #define HAVE_VFORK 1
| #define HAVE_WORKING_VFORK 1
| #define HAVE_WORKING_FORK 1
| #define HAVE_STDLIB_H 1
| #define HAVE_MALLOC 1
| #define HAVE_STDLIB_H 1
| #define HAVE_UNISTD_H 1
| #define HAVE_SYS_PARAM_H 1
| #define HAVE_GETPAGESIZE 1
| #define HAVE_MMAP 1
| #define RETSIGTYPE void
| #define HAVE_VPRINTF 1
| /* end confdefs.h.  */
| /* Define _doprnt to an innocuous variant, in case <limits.h> declares _doprnt.
|    For example, HP-UX 11i <limits.h> declares gettimeofday.  */
| #define _doprnt innocuous__doprnt
| 
| /* System header to define __stub macros and hopefully few prototypes,
|     which can conflict with char _doprnt (); below.
|     Prefer <limits.h> to <assert.h> if __STDC__ is defined, since
|     <limits.h> exists even on freestanding compilers.  */
| 
| #ifdef __STDC__
| # include <limits.h>
| #else
| # include <assert.h>
| #endif
| 
| #undef _doprnt
| 
| /* Override any GCC internal prototype to avoid an error.
|    Use char because int might match the return type of a GCC
|    builtin and then its argument prototype would still apply.  */
| #ifdef __cplusplus
| extern "C"
| #endif
| char _doprnt ();
| /* The GNU C library defines this for functions which it implements
|     to always fail with ENOSYS.  Some functions are actually named
|     something starting with __ and the normal name is an alias.  */
| #if defined __stub__doprnt || defined __stub____doprnt
| choke me
| #endif
| 
| int
| main ()
| {
| return _doprnt ();
|   ;
|   return 0;
| }
configure:11587: result: no
configure:11601: checking for getcwd
configure:11601: gcc -o conftest -g -O2   conftest.c  >&5
configure:11601: $? = 0
configure:11601: result: yes
configure:11601: checking for gethostbyname
configure:11601: gcc -o conftest -g -O2   conftest.c  >&5
configure:11601: $? = 0
configure:11601: result: yes
configure:11601: checking for memset
configure:11601: gcc -o conftest -g -O2   conftest.c  >&5
conftest.c:75:6: warning: incompatible redeclaration of library function 'memset' [-Wincompatible-library-redeclaration]
char memset ();
     ^
conftest.c:75:6: note: 'memset' is a builtin with type 'void *(void *, int, unsigned long)'
1 warning generated.
configure:11601: $? = 0
configure:11601: result: yes
configure:11601: checking for socket
configure:11601: gcc -o conftest -g -O2   conftest.c  >&5
configure:11601: $? = 0
configure:11601: result: yes
configure:11601: checking for strcasecmp
configure:11601: gcc -o conftest -g -O2   conftest.c  >&5
conftest.c:77:6: warning: incompatible redeclaration of library function 'strcasecmp' [-Wincompatible-library-redeclaration]
char strcasecmp ();
     ^
conftest.c:77:6: note: 'strcasecmp' is a builtin with type 'int (const char *, const char *)'
1 warning generated.
configure:11601: $? = 0
configure:11601: result: yes
configure:11601: checking for strchr
configure:11601: gcc -o conftest -g -O2   conftest.c  >&5
conftest.c:78:6: warning: incompatible redeclaration of library function 'strchr' [-Wincompatible-library-redeclaration]
char strchr ();
     ^
conftest.c:78:6: note: 'strchr' is a builtin with type 'char *(const char *, int)'
1 warning generated.
configure:11601: $? = 0
configure:11601: result: yes
configure:11601: checking for strdup
configure:11601: gcc -o conftest -g -O2   conftest.c  >&5
conftest.c:79:6: warning: incompatible redeclaration of library function 'strdup' [-Wincompatible-library-redeclaration]
char strdup ();
     ^
conftest.c:79:6: note: 'strdup' is a builtin with type 'char *(const char *)'
1 warning generated.
configure:11601: $? = 0
configure:11601: result: yes
configure:11774: creating ./config.status

## ---------------- ##
## Cache variables. ##
## ---------------- ##

ac_cv_build=x86_64-apple-darwin14.1.0
ac_cv_c_compiler_gnu=yes
ac_cv_c_const=yes
ac_cv_env_CC_set=
ac_cv_env_CC_value=
ac_cv_env_CFLAGS_set=
ac_cv_env_CFLAGS_value=
ac_cv_env_CPPFLAGS_set=
ac_cv_env_CPPFLAGS_value=
ac_cv_env_CPP_set=
ac_cv_env_CPP_value=
ac_cv_env_LDFLAGS_set=
ac_cv_env_LDFLAGS_value=
ac_cv_env_LIBS_set=
ac_cv_env_LIBS_value=
ac_cv_env_build_alias_set=
ac_cv_env_build_alias_value=
ac_cv_env_host_alias_set=
ac_cv_env_host_alias_value=
ac_cv_env_target_alias_set=
ac_cv_env_target_alias_value=
ac_cv_func__doprnt=no
ac_cv_func_fork=yes
ac_cv_func_fork_works=yes
ac_cv_func_getcwd=yes
ac_cv_func_gethostbyname=yes
ac_cv_func_getpagesize=yes
ac_cv_func_lstat_dereferences_slashed_symlink=no
ac_cv_func_malloc_0_nonnull=yes
ac_cv_func_memset=yes
ac_cv_func_mmap_fixed_mapped=yes
ac_cv_func_socket=yes
ac_cv_func_stat_empty_string_bug=no
ac_cv_func_strcasecmp=yes
ac_cv_func_strchr=yes
ac_cv_func_strdup=yes
ac_cv_func_vfork=yes
ac_cv_func_vfork_works=yes
ac_cv_func_vprintf=yes
ac_cv_header_arpa_inet_h=yes
ac_cv_header_dlfcn_h=yes
ac_cv_header_fcntl_h=yes
ac_cv_header_inttypes_h=yes
ac_cv_header_limits_h=yes
ac_cv_header_memory_h=yes
ac_cv_header_netdb_h=yes
ac_cv_header_netinet_in_h=yes
ac_cv_header_regex_h=yes
ac_cv_header_stdc=yes
ac_cv_header_stdint_h=yes
ac_cv_header_stdio_h=yes
ac_cv_header_stdlib_h=yes
ac_cv_header_string_h=yes
ac_cv_header_strings_h=yes
ac_cv_header_sys_file_h=yes
ac_cv_header_sys_param_h=yes
ac_cv_header_sys_socket_h=yes
ac_cv_header_sys_stat_h=yes
ac_cv_header_sys_types_h=yes
ac_cv_header_sys_wait_h=yes
ac_cv_header_unistd_h=yes
ac_cv_header_vfork_h=no
ac_cv_header_windows_h=no
ac_cv_header_winsock2_h=no
ac_cv_host=x86_64-apple-darwin14.1.0
ac_cv_lib_error_at_line=no
ac_cv_lib_nsl_gethostbyname=no
ac_cv_lib_socket_socket=no
ac_cv_objext=o
ac_cv_path_EGREP='/usr/bin/grep -E'
ac_cv_path_FGREP='/usr/bin/grep -F'
ac_cv_path_GREP=/usr/bin/grep
ac_cv_path_SED=/usr/bin/sed
ac_cv_path_install='/opt/local/bin/ginstall -c'
ac_cv_path_mkdir=/opt/local/bin/gmkdir
ac_cv_prog_AWK=awk
ac_cv_prog_CPP='gcc -E'
ac_cv_prog_ac_ct_AR=ar
ac_cv_prog_ac_ct_CC=gcc
ac_cv_prog_ac_ct_DSYMUTIL=dsymutil
ac_cv_prog_ac_ct_LIPO=lipo
ac_cv_prog_ac_ct_NMEDIT=nmedit
ac_cv_prog_ac_ct_OTOOL=otool
ac_cv_prog_ac_ct_RANLIB=ranlib
ac_cv_prog_ac_ct_STRIP=strip
ac_cv_prog_cc_c89=
ac_cv_prog_cc_g=yes
ac_cv_prog_make_make_set=yes
ac_cv_struct_tm=time.h
ac_cv_type_off_t=yes
ac_cv_type_pid_t=yes
ac_cv_type_signal=void
am_cv_CC_dependencies_compiler_type=gcc3
lt_cv_apple_cc_single_mod=yes
lt_cv_deplibs_check_method=pass_all
lt_cv_file_magic_cmd='$MAGIC_CMD'
lt_cv_file_magic_test_file=
lt_cv_ld_exported_symbols_list=yes
lt_cv_ld_reload_flag=-r
lt_cv_nm_interface='BSD nm'
lt_cv_objdir=.libs
lt_cv_path_LD=/Applications/Xcode.app/Contents/Developer/Toolchains/XcodeDefault.xctoolchain/usr/bin/ld
lt_cv_path_NM=/usr/bin/nm
lt_cv_prog_compiler_c_o=yes
lt_cv_prog_compiler_pic_works=yes
lt_cv_prog_compiler_rtti_exceptions=yes
lt_cv_prog_compiler_static_works=no
lt_cv_prog_gnu_ld=no
lt_cv_sys_global_symbol_pipe='sed -n -e '\''s/^.*[	 ]\([BCDEGRST][BCDEGRST]*\)[	 ][	 ]*_\([_A-Za-z][_A-Za-z0-9]*\)$/\1 _\2 \2/p'\'''
lt_cv_sys_global_symbol_to_c_name_address='sed -n -e '\''s/^: \([^ ]*\) $/  {\"\1\", (void *) 0},/p'\'' -e '\''s/^[BCDEGRST]* \([^ ]*\) \([^ ]*\)$/  {"\2", (void *) \&\2},/p'\'''
lt_cv_sys_global_symbol_to_c_name_address_lib_prefix='sed -n -e '\''s/^: \([^ ]*\) $/  {\"\1\", (void *) 0},/p'\'' -e '\''s/^[BCDEGRST]* \([^ ]*\) \(lib[^ ]*\)$/  {"\2", (void *) \&\2},/p'\'' -e '\''s/^[BCDEGRST]* \([^ ]*\) \([^ ]*\)$/  {"lib\2", (void *) \&\2},/p'\'''
lt_cv_sys_global_symbol_to_cdecl='sed -n -e '\''s/^T .* \(.*\)$/extern int \1();/p'\'' -e '\''s/^[BCDEGRST]* .* \(.*\)$/extern char \1;/p'\'''
lt_cv_sys_max_cmd_len=196608

## ----------------- ##
## Output variables. ##
## ----------------- ##

ACLOCAL='${SHELL} /Users/akagawa/pepper/juman-7.01/missing --run aclocal-1.11'
AMDEPBACKSLASH='\'
AMDEP_FALSE='#'
AMDEP_TRUE=''
AMTAR='${SHELL} /Users/akagawa/pepper/juman-7.01/missing --run tar'
AR='ar'
AUTOCONF='${SHELL} /Users/akagawa/pepper/juman-7.01/missing --run autoconf'
AUTOHEADER='${SHELL} /Users/akagawa/pepper/juman-7.01/missing --run autoheader'
AUTOMAKE='${SHELL} /Users/akagawa/pepper/juman-7.01/missing --run automake-1.11'
AWK='awk'
CC='gcc'
CCDEPMODE='depmode=gcc3'
CFLAGS='-g -O2'
CPP='gcc -E'
CPPFLAGS=''
CYGPATH_W='echo'
DEFS='-DHAVE_CONFIG_H'
DEPDIR='.deps'
DSYMUTIL='dsymutil'
DUMPBIN=''
ECHO_C='\c'
ECHO_N=''
ECHO_T=''
EGREP='/usr/bin/grep -E'
EXEEXT=''
FGREP='/usr/bin/grep -F'
GREP='/usr/bin/grep'
INSTALL_DATA='${INSTALL} -m 644'
INSTALL_PROGRAM='${INSTALL}'
INSTALL_SCRIPT='${INSTALL}'
INSTALL_STRIP_PROGRAM='$(install_sh) -c -s'
LD='/Applications/Xcode.app/Contents/Developer/Toolchains/XcodeDefault.xctoolchain/usr/bin/ld'
LDFLAGS=''
LIBJUMAN_VERSION_INFO='4:0:0'
LIBOBJS=' ${LIBOBJDIR}error$U.o ${LIBOBJDIR}lstat$U.o'
LIBS=''
LIBTOOL='$(SHELL) $(top_builddir)/libtool'
LIPO='lipo'
LN_S='ln -s'
LTLIBOBJS=' ${LIBOBJDIR}error$U.lo ${LIBOBJDIR}lstat$U.lo'
MAKEINFO='${SHELL} /Users/akagawa/pepper/juman-7.01/missing --run makeinfo'
MKDIR_P='/opt/local/bin/gmkdir -p'
NET_LIBS=''
NM='/usr/bin/nm'
NMEDIT='nmedit'
OBJDUMP='false'
OBJEXT='o'
OTOOL64=':'
OTOOL='otool'
PACKAGE='juman'
PACKAGE_BUGREPORT='nl-resource@nlp.ist.i.kyoto-u.ac.jp'
PACKAGE_NAME='juman'
PACKAGE_STRING='juman 7.01'
PACKAGE_TARNAME='juman'
PACKAGE_URL=''
PACKAGE_VERSION='7.01'
PATH_SEPARATOR=':'
RANLIB='ranlib'
SED='/usr/bin/sed'
SET_MAKE=''
SHELL='/bin/sh'
STRIP='strip'
VERSION='7.01'
ac_ct_CC='gcc'
ac_ct_DUMPBIN=''
am__EXEEXT_FALSE=''
am__EXEEXT_TRUE='#'
am__fastdepCC_FALSE='#'
am__fastdepCC_TRUE=''
am__include='include'
am__isrc=''
am__leading_dot='.'
am__quote=''
am__tar='${AMTAR} chof - "$$tardir"'
am__untar='${AMTAR} xf -'
bindir='${exec_prefix}/bin'
build='x86_64-apple-darwin14.1.0'
build_alias=''
build_cpu='x86_64'
build_os='darwin14.1.0'
build_vendor='apple'
datadir='${datarootdir}'
datarootdir='${prefix}/share'
docdir='${datarootdir}/doc/${PACKAGE_TARNAME}'
dvidir='${docdir}'
exec_prefix='${prefix}'
host='x86_64-apple-darwin14.1.0'
host_alias=''
host_cpu='x86_64'
host_os='darwin14.1.0'
host_vendor='apple'
htmldir='${docdir}'
includedir='${prefix}/include'
infodir='${datarootdir}/info'
install_sh='${SHELL} /Users/akagawa/pepper/juman-7.01/install-sh'
libdir='${exec_prefix}/lib'
libexecdir='${exec_prefix}/libexec'
localedir='${datarootdir}/locale'
localstatedir='${prefix}/var'
lt_ECHO='/bin/echo'
mandir='${datarootdir}/man'
mkdir_p='/opt/local/bin/gmkdir -p'
oldincludedir='/usr/include'
pdfdir='${docdir}'
prefix='/usr/local'
program_transform_name='s,x,x,'
psdir='${docdir}'
sbindir='${exec_prefix}/sbin'
sharedstatedir='${prefix}/com'
sysconfdir='${prefix}/etc'
target_alias=''

## ----------- ##
## confdefs.h. ##
## ----------- ##

/* confdefs.h */
#define PACKAGE_NAME "juman"
#define PACKAGE_TARNAME "juman"
#define PACKAGE_VERSION "7.01"
#define PACKAGE_STRING "juman 7.01"
#define PACKAGE_BUGREPORT "nl-resource@nlp.ist.i.kyoto-u.ac.jp"
#define PACKAGE_URL ""
#define PACKAGE "juman"
#define VERSION "7.01"
#define STDC_HEADERS 1
#define HAVE_SYS_TYPES_H 1
#define HAVE_SYS_STAT_H 1
#define HAVE_STDLIB_H 1
#define HAVE_STRING_H 1
#define HAVE_MEMORY_H 1
#define HAVE_STRINGS_H 1
#define HAVE_INTTYPES_H 1
#define HAVE_STDINT_H 1
#define HAVE_UNISTD_H 1
#define HAVE_DLFCN_H 1
#define LT_OBJDIR ".libs/"
#define STDC_HEADERS 1
#define HAVE_SYS_WAIT_H 1
#define HAVE_ARPA_INET_H 1
#define HAVE_FCNTL_H 1
#define HAVE_LIMITS_H 1
#define HAVE_NETDB_H 1
#define HAVE_NETINET_IN_H 1
#define HAVE_STDIO_H 1
#define HAVE_STDLIB_H 1
#define HAVE_STRING_H 1
#define HAVE_REGEX_H 1
#define HAVE_SYS_FILE_H 1
#define HAVE_SYS_SOCKET_H 1
#define HAVE_UNISTD_H 1
#define HAVE_FORK 1
#define HAVE_VFORK 1
#define HAVE_WORKING_VFORK 1
#define HAVE_WORKING_FORK 1
#define HAVE_STDLIB_H 1
#define HAVE_MALLOC 1
#define HAVE_STDLIB_H 1
#define HAVE_UNISTD_H 1
#define HAVE_SYS_PARAM_H 1
#define HAVE_GETPAGESIZE 1
#define HAVE_MMAP 1
#define RETSIGTYPE void
#define HAVE_VPRINTF 1
#define HAVE_GETCWD 1
#define HAVE_GETHOSTBYNAME 1
#define HAVE_MEMSET 1
#define HAVE_SOCKET 1
#define HAVE_STRCASECMP 1
#define HAVE_STRCHR 1
#define HAVE_STRDUP 1
#define NUMERIC_P 1
#define THROUGH_P 1
#define RC_DEFAULT "/usr/local/etc/jumanrc"

configure: exit 0

## ---------------------- ##
## Running config.status. ##
## ---------------------- ##

This file was extended by juman config.status 7.01, which was
generated by GNU Autoconf 2.69.  Invocation command line was

  CONFIG_FILES    = 
  CONFIG_HEADERS  = 
  CONFIG_LINKS    = 
  CONFIG_COMMANDS = 
  $ ./config.status 

on YutoAkagawa-no-MacBook-Pro.local

config.status:1104: creating Makefile
config.status:1104: creating lib/Makefile
config.status:1104: creating makemat/Makefile
config.status:1104: creating makeint/Makefile
config.status:1104: creating makepat/Makefile
config.status:1104: creating juman/Makefile
config.status:1104: creating dic/Makefile
config.status:1104: creating autodic/Makefile
config.status:1104: creating wikipediadic/Makefile
config.status:1104: creating doc/Makefile
config.status:1104: creating config.h
config.status:1285: config.h is unchanged
config.status:1333: executing depfiles commands
config.status:1333: executing libtool commands

## ---------------------- ##
## Running config.status. ##
## ---------------------- ##

This file was extended by juman config.status 7.01, which was
generated by GNU Autoconf 2.69.  Invocation command line was

  CONFIG_FILES    = 
  CONFIG_HEADERS  = 
  CONFIG_LINKS    = 
  CONFIG_COMMANDS = 
  $ ./config.status config.h

on YutoAkagawa-no-MacBook-Pro.local

config.status:1104: creating config.h
config.status:1285: config.h is unchanged
